<?xml version="1.0" encoding="UTF-8"?>
<!-- Generated by org.testng.reporters.JUnitReportReporter -->
<testsuite skipped="0" hostname="MBP-Mikhail.lan" name="ruBeru.ThirdTest" tests="1" failures="0" timestamp="09 мая 2019 19:51:39 GMT" time="16.258" errors="0">
  <testcase name="thirdTest" time="16.258" classname="ruBeru.ThirdTest"/>
</testsuite> <!-- ruBeru.ThirdTest -->
