<?xml version="1.0" encoding="UTF-8"?>
<!-- Generated by org.testng.reporters.JUnitReportReporter -->
<testsuite skipped="0" hostname="MBP-Mikhail.lan" name="ruBeru.FirstTest" tests="1" failures="0" timestamp="09 мая 2019 19:51:39 GMT" time="17.452" errors="0">
  <testcase name="firstTest" time="17.452" classname="ruBeru.FirstTest"/>
</testsuite> <!-- ruBeru.FirstTest -->
