<?xml version="1.0" encoding="UTF-8"?>
<!-- Generated by org.testng.reporters.JUnitReportReporter -->
<testsuite skipped="0" hostname="MBP-Mikhail.lan" name="ruBeru.SecondTest" tests="2" failures="0" timestamp="09 мая 2019 19:51:39 GMT" time="45.007" errors="0">
  <testcase name="secondTest" time="21.425" classname="ruBeru.SecondTest"/>
  <testcase name="secondTest" time="23.582" classname="ruBeru.SecondTest"/>
</testsuite> <!-- ruBeru.SecondTest -->
